<?xml version="1.0" encoding="UTF-8"?>
<TestRun id="480f9d92-3484-425d-a444-e0e818d7a8fe" name="Administrator@WIN-RNMUH95F9U1 2011-09-15 05:38:29" runUser="WIN-RNMUH95F9U1\Administrator" xmlns="http://microsoft.com/schemas/VisualStudio/TeamTest/2010">
  <TestSettings name="Local" id="b356ad35-6e09-43b5-a51a-d3482c61513e">
    <Description>These are default test settings for a local test run.</Description>
    <Deployment userDeploymentRoot="C:\Projects\Urbana\Commerce\System.Web.Commerce\TestResults" useDefaultDeploymentRoot="false" runDeploymentRoot="Administrator_WIN-RNMUH95F9U1 2011-09-15 05_38_29">
      <DeploymentItem filename="C:\Projects\Urbana\Commerce\System.Web.Commerce\packages\EntityFramework.4.1.10715.0\lib\EntityFramework.dll" />
      <DeploymentItem filename="C:\Projects\Urbana\Commerce\System.Web.Commerce\System.Web.Commerce.Data\bin\Debug\System.Web.Commerce.Data.dll" />
      <DeploymentItem filename="C:\Projects\Urbana\Commerce\System.Web.Commerce\System.Web.Commerce.Data.Tests\bin\Debug\System.Web.Commerce.Data.Tests.dll" />
      <DeploymentItem filename="C:\Projects\Urbana\Commerce\System.Web.Commerce\System.Web.Commerce\bin\Debug\System.Web.Commerce.dll" />
      <DeploymentItem filename="System.Web.Commerce.Data.Tests\Resources\" />
    </Deployment>
    <Execution>
      <TestTypeSpecific>
        <UnitTestRunConfig testTypeId="13cdc9d9-ddb5-4fa4-a97d-d965ccfc6d4b">
          <AssemblyResolution>
            <TestDirectory useLoadContext="true" />
          </AssemblyResolution>
        </UnitTestRunConfig>
        <WebTestRunConfiguration testTypeId="4e7599fa-5ecb-43e9-a887-cd63cf72d207">
          <Browser name="Internet Explorer 7.0">
            <Headers>
              <Header name="User-Agent" value="Mozilla/4.0 (compatible; MSIE 7.0; Windows NT 5.1)" />
              <Header name="Accept" value="*/*" />
              <Header name="Accept-Language" value="{{$IEAcceptLanguage}}" />
              <Header name="Accept-Encoding" value="GZIP" />
            </Headers>
          </Browser>
        </WebTestRunConfiguration>
      </TestTypeSpecific>
      <AgentRule name="LocalMachineDefaultRole">
      </AgentRule>
    </Execution>
  </TestSettings>
  <Times creation="2011-09-15T05:38:29.1422109-04:00" queuing="2011-09-15T05:38:29.5533438-04:00" start="2011-09-15T05:38:29.5621328-04:00" finish="2011-09-15T05:38:31.8443594-04:00" />
  <ResultSummary outcome="Completed">
    <Counters total="1" executed="1" passed="1" error="0" failed="0" timeout="0" aborted="0" inconclusive="0" passedButRunAborted="0" notRunnable="0" notExecuted="0" disconnected="0" warning="0" completed="0" inProgress="0" pending="0" />
  </ResultSummary>
  <TestDefinitions>
    <UnitTest name="AddItemToCartTest" storage="c:\projects\urbana\commerce\system.web.commerce\system.web.commerce.tests\bin\debug\system.web.commerce.tests.dll" id="237b35d1-2f12-3a87-ae90-7e3bcf5fe0e4">
      <Execution id="4ad32acc-f9e0-4b28-9373-fa4b393c39d6" />
      <TestMethod codeBase="C:/Projects/Urbana/Commerce/System.Web.Commerce/System.Web.Commerce.Tests/bin/Debug/System.Web.Commerce.Tests.DLL" adapterTypeName="Microsoft.VisualStudio.TestTools.TestTypes.Unit.UnitTestAdapter, Microsoft.VisualStudio.QualityTools.Tips.UnitTest.Adapter, Version=10.0.0.0, Culture=neutral, PublicKeyToken=b03f5f7f11d50a3a" className="System.Web.Commerce.Tests.CommerceProviderTests, System.Web.Commerce.Tests, Version=1.0.0.0, Culture=neutral, PublicKeyToken=null" name="AddItemToCartTest" />
    </UnitTest>
  </TestDefinitions>
  <TestLists>
    <TestList name="Results Not in a List" id="8c84fa94-04c1-424b-9868-57a2d4851a1d" />
    <TestList name="All Loaded Results" id="19431567-8539-422a-85d7-44ee4e166bda" />
  </TestLists>
  <TestEntries>
    <TestEntry testId="237b35d1-2f12-3a87-ae90-7e3bcf5fe0e4" executionId="4ad32acc-f9e0-4b28-9373-fa4b393c39d6" testListId="8c84fa94-04c1-424b-9868-57a2d4851a1d" />
  </TestEntries>
  <Results>
    <UnitTestResult executionId="4ad32acc-f9e0-4b28-9373-fa4b393c39d6" testId="237b35d1-2f12-3a87-ae90-7e3bcf5fe0e4" testName="AddItemToCartTest" computerName="WIN-RNMUH95F9U1" duration="00:00:01.7738670" startTime="2011-09-15T05:38:29.5640859-04:00" endTime="2011-09-15T05:38:31.8179922-04:00" testType="13cdc9d9-ddb5-4fa4-a97d-d965ccfc6d4b" outcome="Passed" testListId="8c84fa94-04c1-424b-9868-57a2d4851a1d" relativeResultsDirectory="4ad32acc-f9e0-4b28-9373-fa4b393c39d6">
    </UnitTestResult>
  </Results>
</TestRun>