<?xml version="1.0" encoding="UTF-8"?>
<TestRun id="4ab7630d-bfe2-40a1-961f-c1d5d3515436" name="Administrator@WIN-RNMUH95F9U1 2011-09-12 08:22:57" runUser="WIN-RNMUH95F9U1\Administrator" xmlns="http://microsoft.com/schemas/VisualStudio/TeamTest/2010">
  <TestSettings name="Local" id="b356ad35-6e09-43b5-a51a-d3482c61513e">
    <Description>These are default test settings for a local test run.</Description>
    <Deployment userDeploymentRoot="C:\Projects\Urbana\Commerce\System.Web.Commerce\TestResults" useDefaultDeploymentRoot="false" runDeploymentRoot="Administrator_WIN-RNMUH95F9U1 2011-09-12 08_22_57">
      <DeploymentItem filename="C:\Projects\Urbana\Commerce\System.Web.Commerce\packages\EntityFramework.4.1.10715.0\lib\EntityFramework.dll" />
      <DeploymentItem filename="C:\Projects\Urbana\Commerce\System.Web.Commerce\System.Web.Commerce.Data\bin\Debug\System.Web.Commerce.Data.dll" />
      <DeploymentItem filename="C:\Projects\Urbana\Commerce\System.Web.Commerce\Dependencies\Common.Types.Schema.dll" />
      <DeploymentItem filename="C:\Projects\Urbana\Commerce\System.Web.Commerce\System.Web.Commerce.Data.Tests\bin\Debug\CodeFirstStoredProcs.dll" />
      <DeploymentItem filename="System.Web.Commerce.Data.Tests\Resources\" />
    </Deployment>
    <Execution>
      <TestTypeSpecific>
        <UnitTestRunConfig testTypeId="13cdc9d9-ddb5-4fa4-a97d-d965ccfc6d4b">
          <AssemblyResolution>
            <TestDirectory useLoadContext="true" />
          </AssemblyResolution>
        </UnitTestRunConfig>
        <WebTestRunConfiguration testTypeId="4e7599fa-5ecb-43e9-a887-cd63cf72d207">
          <Browser name="Internet Explorer 7.0">
            <Headers>
              <Header name="User-Agent" value="Mozilla/4.0 (compatible; MSIE 7.0; Windows NT 5.1)" />
              <Header name="Accept" value="*/*" />
              <Header name="Accept-Language" value="{{$IEAcceptLanguage}}" />
              <Header name="Accept-Encoding" value="GZIP" />
            </Headers>
          </Browser>
        </WebTestRunConfiguration>
      </TestTypeSpecific>
      <AgentRule name="LocalMachineDefaultRole">
      </AgentRule>
    </Execution>
  </TestSettings>
  <Times creation="2011-09-12T08:22:57.2701406-04:00" queuing="2011-09-12T08:22:57.8228750-04:00" start="2011-09-12T08:22:57.8345938-04:00" finish="2011-09-12T08:23:00.0826406-04:00" />
  <ResultSummary outcome="Warning">
    <Counters total="1" executed="1" passed="1" error="0" failed="0" timeout="0" aborted="0" inconclusive="0" passedButRunAborted="0" notRunnable="0" notExecuted="0" disconnected="0" warning="0" completed="0" inProgress="0" pending="0" />
    <RunInfos>
      <RunInfo computerName="WIN-RNMUH95F9U1" outcome="Warning" timestamp="2011-09-12T08:22:57.8218984-04:00">
        <Text>Warning: Test Run deployment issue: Failed to get the file for deployment item 'Resources\cim.xslt' specified by the test 'System.Web.Commerce.Data.Tests.ContextTests.Product_InsertTest': System.IO.DirectoryNotFoundException: Could not find a part of the path 'C:\Projects\Urbana\Commerce\System.Web.Commerce\Resources\cim.xslt'.</Text>
        <Exception>System.IO.DirectoryNotFoundException: Could not find a part of the path 'C:\Projects\Urbana\Commerce\System.Web.Commerce\Resources\cim.xslt'.
   at System.IO.__Error.WinIOError(Int32 errorCode, String maybeFullPath)
   at System.IO.File.GetAttributes(String path)
   at Microsoft.VisualStudio.TestTools.Common.SingleFileProvider.GetFilePaths()
   at Microsoft.VisualStudio.TestTools.TestManagement.DeploymentCoverageItem.GetFiles(TestRunConfiguration runConfig)
   at Microsoft.VisualStudio.TestTools.TestManagement.DeploymentManager.DoDeployment(TestRun run, FileCopyService fileCopyService)</Exception>
      </RunInfo>
    </RunInfos>
  </ResultSummary>
  <TestDefinitions>
    <UnitTest name="Product_InsertTest" storage="c:\projects\urbana\commerce\system.web.commerce\system.web.commerce.data.tests\bin\debug\system.web.commerce.data.tests.dll" id="106d96df-1076-bcf3-6241-6ba6729b6e5e">
      <DeploymentItems>
        <DeploymentItem filename="Resources\cim.xslt" />
      </DeploymentItems>
      <Execution id="265eeac0-b6b4-45fb-968e-9033787e1234" />
      <TestMethod codeBase="C:/Projects/Urbana/Commerce/System.Web.Commerce/System.Web.Commerce.Data.Tests/bin/Debug/System.Web.Commerce.Data.Tests.DLL" adapterTypeName="Microsoft.VisualStudio.TestTools.TestTypes.Unit.UnitTestAdapter, Microsoft.VisualStudio.QualityTools.Tips.UnitTest.Adapter, Version=10.0.0.0, Culture=neutral, PublicKeyToken=b03f5f7f11d50a3a" className="System.Web.Commerce.Data.Tests.ContextTests, System.Web.Commerce.Data.Tests, Version=1.0.0.0, Culture=neutral, PublicKeyToken=null" name="Product_InsertTest" />
    </UnitTest>
  </TestDefinitions>
  <TestLists>
    <TestList name="Results Not in a List" id="8c84fa94-04c1-424b-9868-57a2d4851a1d" />
    <TestList name="All Loaded Results" id="19431567-8539-422a-85d7-44ee4e166bda" />
  </TestLists>
  <TestEntries>
    <TestEntry testId="106d96df-1076-bcf3-6241-6ba6729b6e5e" executionId="265eeac0-b6b4-45fb-968e-9033787e1234" testListId="8c84fa94-04c1-424b-9868-57a2d4851a1d" />
  </TestEntries>
  <Results>
    <UnitTestResult executionId="265eeac0-b6b4-45fb-968e-9033787e1234" testId="106d96df-1076-bcf3-6241-6ba6729b6e5e" testName="Product_InsertTest" computerName="WIN-RNMUH95F9U1" duration="00:00:00.0321585" startTime="2011-09-12T08:22:57.8385000-04:00" endTime="2011-09-12T08:23:00.0601797-04:00" testType="13cdc9d9-ddb5-4fa4-a97d-d965ccfc6d4b" outcome="Passed" testListId="8c84fa94-04c1-424b-9868-57a2d4851a1d" relativeResultsDirectory="265eeac0-b6b4-45fb-968e-9033787e1234">
    </UnitTestResult>
  </Results>
</TestRun>