<?xml version="1.0" encoding="UTF-8"?>
<TestRun id="0c7e23e3-c786-4bc2-a58f-e2d9372877b2" name="Administrator@WIN-RNMUH95F9U1 2011-09-11 12:22:10" runUser="WIN-RNMUH95F9U1\Administrator" xmlns="http://microsoft.com/schemas/VisualStudio/TeamTest/2010">
  <TestSettings name="Local" id="b356ad35-6e09-43b5-a51a-d3482c61513e">
    <Description>These are default test settings for a local test run.</Description>
    <Deployment enabled="false" runDeploymentRoot="Administrator_WIN-RNMUH95F9U1 2011-09-11 12_22_10">
      <DeploymentItem filename="C:\Projects\Urbana\Commerce\System.Web.Commerce\packages\EntityFramework.4.1.10715.0\lib\EntityFramework.dll" />
      <DeploymentItem filename="C:\Projects\Urbana\Commerce\System.Web.Commerce\System.Web.Commerce.Data\bin\Debug\System.Web.Commerce.Data.dll" />
      <DeploymentItem filename="C:\Projects\Urbana\Commerce\System.Web.Commerce\Dependencies\Common.Types.Schema.dll" />
      <DeploymentItem filename="C:\Projects\Urbana\Commerce\System.Web.Commerce\System.Web.Commerce\bin\Debug\System.Web.Commerce.dll" />
    </Deployment>
    <Execution>
      <TestTypeSpecific />
      <AgentRule name="Execution Agents">
      </AgentRule>
    </Execution>
  </TestSettings>
  <Times creation="2011-09-11T12:22:10.3277578-04:00" queuing="2011-09-11T12:22:10.5953359-04:00" start="2011-09-11T12:22:10.6080313-04:00" finish="2011-09-11T12:22:12.5787344-04:00" />
  <ResultSummary outcome="Completed">
    <Counters total="1" executed="1" passed="1" error="0" failed="0" timeout="0" aborted="0" inconclusive="0" passedButRunAborted="0" notRunnable="0" notExecuted="0" disconnected="0" warning="0" completed="0" inProgress="0" pending="0" />
  </ResultSummary>
  <TestDefinitions>
    <UnitTest name="Product_InsertTest" storage="c:\projects\urbana\commerce\system.web.commerce\system.web.commerce.data.tests\bin\debug\system.web.commerce.data.tests.dll" id="106d96df-1076-bcf3-6241-6ba6729b6e5e">
      <Execution id="49f4c966-01a7-4b9a-ab80-2565d3eef1ed" />
      <TestMethod codeBase="C:/Projects/Urbana/Commerce/System.Web.Commerce/System.Web.Commerce.Data.Tests/bin/Debug/System.Web.Commerce.Data.Tests.DLL" adapterTypeName="Microsoft.VisualStudio.TestTools.TestTypes.Unit.UnitTestAdapter, Microsoft.VisualStudio.QualityTools.Tips.UnitTest.Adapter, Version=10.0.0.0, Culture=neutral, PublicKeyToken=b03f5f7f11d50a3a" className="System.Web.Commerce.Data.Tests.ContextTests, System.Web.Commerce.Data.Tests, Version=1.0.0.0, Culture=neutral, PublicKeyToken=null" name="Product_InsertTest" />
    </UnitTest>
  </TestDefinitions>
  <TestLists>
    <TestList name="Results Not in a List" id="8c84fa94-04c1-424b-9868-57a2d4851a1d" />
    <TestList name="All Loaded Results" id="19431567-8539-422a-85d7-44ee4e166bda" />
  </TestLists>
  <TestEntries>
    <TestEntry testId="106d96df-1076-bcf3-6241-6ba6729b6e5e" executionId="49f4c966-01a7-4b9a-ab80-2565d3eef1ed" testListId="8c84fa94-04c1-424b-9868-57a2d4851a1d" />
  </TestEntries>
  <Results>
    <UnitTestResult executionId="49f4c966-01a7-4b9a-ab80-2565d3eef1ed" testId="106d96df-1076-bcf3-6241-6ba6729b6e5e" testName="Product_InsertTest" computerName="WIN-RNMUH95F9U1" duration="00:00:00.0294311" startTime="2011-09-11T12:22:10.6099844-04:00" endTime="2011-09-11T12:22:12.5552969-04:00" testType="13cdc9d9-ddb5-4fa4-a97d-d965ccfc6d4b" outcome="Passed" testListId="8c84fa94-04c1-424b-9868-57a2d4851a1d" relativeResultsDirectory="49f4c966-01a7-4b9a-ab80-2565d3eef1ed">
    </UnitTestResult>
  </Results>
</TestRun>