<?xml version="1.0" encoding="UTF-8"?>
<TestRun id="85d9ac61-9485-4c78-bfde-d3dbedd0b651" name="Administrator@WIN-RNMUH95F9U1 2011-09-15 06:05:14" runUser="WIN-RNMUH95F9U1\Administrator" xmlns="http://microsoft.com/schemas/VisualStudio/TeamTest/2010">
  <TestSettings name="Local" id="b356ad35-6e09-43b5-a51a-d3482c61513e">
    <Description>These are default test settings for a local test run.</Description>
    <Deployment userDeploymentRoot="C:\Projects\Urbana\Commerce\System.Web.Commerce\TestResults" useDefaultDeploymentRoot="false" runDeploymentRoot="Administrator_WIN-RNMUH95F9U1 2011-09-15 06_05_14">
      <DeploymentItem filename="C:\Projects\Urbana\Commerce\System.Web.Commerce\packages\EntityFramework.4.1.10715.0\lib\EntityFramework.dll" />
      <DeploymentItem filename="C:\Projects\Urbana\Commerce\System.Web.Commerce\System.Web.Commerce.Data\bin\Debug\System.Web.Commerce.Data.dll" />
      <DeploymentItem filename="C:\Projects\Urbana\Commerce\System.Web.Commerce\System.Web.Commerce.Data.Tests\bin\Debug\System.Web.Commerce.Data.Tests.dll" />
      <DeploymentItem filename="C:\Projects\Urbana\Commerce\System.Web.Commerce\System.Web.Commerce\bin\Debug\System.Web.Commerce.dll" />
      <DeploymentItem filename="System.Web.Commerce.Data.Tests\Resources\" />
    </Deployment>
    <Execution>
      <TestTypeSpecific>
        <UnitTestRunConfig testTypeId="13cdc9d9-ddb5-4fa4-a97d-d965ccfc6d4b">
          <AssemblyResolution>
            <TestDirectory useLoadContext="true" />
          </AssemblyResolution>
        </UnitTestRunConfig>
        <WebTestRunConfiguration testTypeId="4e7599fa-5ecb-43e9-a887-cd63cf72d207">
          <Browser name="Internet Explorer 7.0">
            <Headers>
              <Header name="User-Agent" value="Mozilla/4.0 (compatible; MSIE 7.0; Windows NT 5.1)" />
              <Header name="Accept" value="*/*" />
              <Header name="Accept-Language" value="{{$IEAcceptLanguage}}" />
              <Header name="Accept-Encoding" value="GZIP" />
            </Headers>
          </Browser>
        </WebTestRunConfiguration>
      </TestTypeSpecific>
      <AgentRule name="LocalMachineDefaultRole">
      </AgentRule>
    </Execution>
  </TestSettings>
  <Times creation="2011-09-15T06:05:14.7144766-04:00" queuing="2011-09-15T06:05:15.2476797-04:00" start="2011-09-15T06:05:15.2603750-04:00" finish="2011-09-15T06:05:17.9029531-04:00" />
  <ResultSummary outcome="Failed">
    <Counters total="1" executed="1" error="0" failed="1" timeout="0" aborted="0" inconclusive="0" passedButRunAborted="0" notRunnable="0" notExecuted="0" disconnected="0" warning="0" passed="0" completed="0" inProgress="0" pending="0" />
  </ResultSummary>
  <TestDefinitions>
    <UnitTest name="CreateOrderTest" storage="c:\projects\urbana\commerce\system.web.commerce\system.web.commerce.tests\bin\debug\system.web.commerce.tests.dll" id="7ddec5c8-c9fc-4af7-2705-38e32f9b782b">
      <Execution id="4b4443c8-20de-48d5-a25a-39a50cbdc0fa" />
      <TestMethod codeBase="C:/Projects/Urbana/Commerce/System.Web.Commerce/System.Web.Commerce.Tests/bin/Debug/System.Web.Commerce.Tests.DLL" adapterTypeName="Microsoft.VisualStudio.TestTools.TestTypes.Unit.UnitTestAdapter, Microsoft.VisualStudio.QualityTools.Tips.UnitTest.Adapter, Version=10.0.0.0, Culture=neutral, PublicKeyToken=b03f5f7f11d50a3a" className="System.Web.Commerce.Tests.CommerceProviderTests, System.Web.Commerce.Tests, Version=1.0.0.0, Culture=neutral, PublicKeyToken=null" name="CreateOrderTest" />
    </UnitTest>
  </TestDefinitions>
  <TestLists>
    <TestList name="Results Not in a List" id="8c84fa94-04c1-424b-9868-57a2d4851a1d" />
    <TestList name="All Loaded Results" id="19431567-8539-422a-85d7-44ee4e166bda" />
  </TestLists>
  <TestEntries>
    <TestEntry testId="7ddec5c8-c9fc-4af7-2705-38e32f9b782b" executionId="4b4443c8-20de-48d5-a25a-39a50cbdc0fa" testListId="8c84fa94-04c1-424b-9868-57a2d4851a1d" />
  </TestEntries>
  <Results>
    <UnitTestResult executionId="4b4443c8-20de-48d5-a25a-39a50cbdc0fa" testId="7ddec5c8-c9fc-4af7-2705-38e32f9b782b" testName="CreateOrderTest" computerName="WIN-RNMUH95F9U1" duration="00:00:02.0001491" startTime="2011-09-15T06:05:15.2642813-04:00" endTime="2011-09-15T06:05:17.8775625-04:00" testType="13cdc9d9-ddb5-4fa4-a97d-d965ccfc6d4b" outcome="Failed" testListId="8c84fa94-04c1-424b-9868-57a2d4851a1d" relativeResultsDirectory="4b4443c8-20de-48d5-a25a-39a50cbdc0fa">
      <Output>
        <ErrorInfo>
          <Message>Test method System.Web.Commerce.Tests.CommerceProviderTests.CreateOrderTest threw exception: 
System.InvalidOperationException: Sequence contains no elements</Message>
          <StackTrace>    at System.Linq.Enumerable.First[TSource](IEnumerable`1 source)
   at System.Data.Objects.ELinq.ObjectQueryProvider.&lt;GetElementFunction&gt;b__0[TResult](IEnumerable`1 sequence)
   at System.Data.Objects.ELinq.ObjectQueryProvider.ExecuteSingle[TResult](IEnumerable`1 query, Expression queryRoot)
   at System.Data.Objects.ELinq.ObjectQueryProvider.System.Linq.IQueryProvider.Execute[S](Expression expression)
   at System.Data.Entity.Internal.Linq.DbQueryProvider.Execute[TResult](Expression expression)
   at System.Linq.Queryable.First[TSource](IQueryable`1 source)
   at System.Web.Commerce.Tests.CommerceProviderTests.CreateTestCartWithItem() in C:\Projects\Urbana\Commerce\System.Web.Commerce\System.Web.Commerce.Tests\CommerceProviderTests.cs:line 70
   at System.Web.Commerce.Tests.CommerceProviderTests.CreateOrderTest() in C:\Projects\Urbana\Commerce\System.Web.Commerce\System.Web.Commerce.Tests\CommerceProviderTests.cs:line 96
</StackTrace>
        </ErrorInfo>
      </Output>
    </UnitTestResult>
  </Results>
</TestRun>